<?xml version="1.0" encoding="UTF-8"?>
<testng-results ignored="0" total="1" passed="1" failed="0" skipped="0">
  <reporter-output>
  </reporter-output>
  <suite started-at="2023-10-03T19:09:44 EET" name="Default suite" finished-at="2023-10-03T19:09:54 EET" duration-ms="9754">
    <groups>
    </groups>
    <test started-at="2023-10-03T19:09:44 EET" name="Default test" finished-at="2023-10-03T19:09:54 EET" duration-ms="9754">
      <class name="Login.LoginTestCasesClass">
        <test-method is-config="true" signature="Setup()[pri:0, instance:Login.LoginTestCasesClass@6b04acb2]" started-at="2023-10-03T19:09:44 EET" name="Setup" finished-at="2023-10-03T19:09:45 EET" duration-ms="1365" status="PASS">
          <reporter-output>
          </reporter-output>
        </test-method> <!-- Setup -->
        <test-method signature="Login()[pri:0, instance:Login.LoginTestCasesClass@6b04acb2]" started-at="2023-10-03T19:09:45 EET" name="Login" finished-at="2023-10-03T19:09:54 EET" duration-ms="8315" status="PASS">
          <reporter-output>
          </reporter-output>
        </test-method> <!-- Login -->
        <test-method is-config="true" signature="PostTest()[pri:0, instance:Login.LoginTestCasesClass@6b04acb2]" started-at="2023-10-03T19:09:54 EET" name="PostTest" finished-at="2023-10-03T19:09:54 EET" duration-ms="45" status="PASS">
          <reporter-output>
          </reporter-output>
        </test-method> <!-- PostTest -->
      </class> <!-- Login.LoginTestCasesClass -->
    </test> <!-- Default test -->
  </suite> <!-- Default suite -->
</testng-results>
